<?xml version="1.0" encoding="UTF-8"?>
<!-- Generated by org.testng.reporters.JUnitReportReporter -->
<testsuite hostname="DESKTOP-GHF380V" failures="0" tests="1" name="HomeLyf.EndPoints.UserEndPoints" time="2.757" errors="0" timestamp="2024-03-07T12:40:22 IST" skipped="0">
  <testcase classname="HomeLyf.EndPoints.UserEndPoints" name="sendEmail" time="2.757"/>
</testsuite> <!-- HomeLyf.EndPoints.UserEndPoints -->
