<?xml version="1.0" encoding="UTF-8"?>
<!-- Generated by org.testng.reporters.JUnitReportReporter -->
<testsuite hostname="DESKTOP-GHF380V" failures="0" tests="2" name="HomeLyf.test.QDTAS_LoginTestCase" time="2.301" errors="1" timestamp="2024-03-20T11:27:05 IST" skipped="1">
  <testcase classname="HomeLyf.test.QDTAS_LoginTestCase" name="qdtasUpdateUser" time="2.301">
    <error message="
[public void HomeLyf.test.QDTAS_LoginTestCase.qdtasUpdateUser(java.lang.String,java.lang.String,java.lang.String,java.lang.String,java.lang.String,java.lang.String,java.lang.String,java.lang.String,java.lang.String,java.lang.String,java.lang.String,java.lang.String,java.lang.String,java.lang.String)] has no parameters defined but was found to be using a data provider (either explicitly specified or inherited from class level annotation).
Data provider mismatch
Method: qdtasUpdateUser([java.lang.String arg0, java.lang.String arg1, java.lang.String arg2, java.lang.String arg3, java.lang.String arg4, java.lang.String arg5, java.lang.String arg6, java.lang.String arg7, java.lang.String arg8, java.lang.String arg9, java.lang.String arg10, java.lang.String arg11, java.lang.String arg12, java.lang.String arg13])
Arguments: [(java.lang.String) mayivec121@irnini.com,(java.lang.String) Bebo@123,(java.lang.String) om,(java.lang.String) shiv,(java.lang.String) singal,(java.lang.String) Male,(java.lang.String) 2,(java.lang.String) QA,(java.lang.String) 1234567892,(java.lang.String) ManualTester,(java.lang.String) 1998-07-18,(java.lang.String) 2018-08-18,(java.lang.String) Pune]" type="org.testng.internal.reflect.MethodMatcherException">
      <![CDATA[org.testng.internal.reflect.MethodMatcherException: 
[public void HomeLyf.test.QDTAS_LoginTestCase.qdtasUpdateUser(java.lang.String,java.lang.String,java.lang.String,java.lang.String,java.lang.String,java.lang.String,java.lang.String,java.lang.String,java.lang.String,java.lang.String,java.lang.String,java.lang.String,java.lang.String,java.lang.String)] has no parameters defined but was found to be using a data provider (either explicitly specified or inherited from class level annotation).
Data provider mismatch
Method: qdtasUpdateUser([java.lang.String arg0, java.lang.String arg1, java.lang.String arg2, java.lang.String arg3, java.lang.String arg4, java.lang.String arg5, java.lang.String arg6, java.lang.String arg7, java.lang.String arg8, java.lang.String arg9, java.lang.String arg10, java.lang.String arg11, java.lang.String arg12, java.lang.String arg13])
Arguments: [(java.lang.String) mayivec121@irnini.com,(java.lang.String) Bebo@123,(java.lang.String) om,(java.lang.String) shiv,(java.lang.String) singal,(java.lang.String) Male,(java.lang.String) 2,(java.lang.String) QA,(java.lang.String) 1234567892,(java.lang.String) ManualTester,(java.lang.String) 1998-07-18,(java.lang.String) 2018-08-18,(java.lang.String) Pune]
at org.testng.internal.reflect.DataProviderMethodMatcher.getConformingArguments(DataProviderMethodMatcher.java:46)
at org.testng.internal.Parameters.injectParameters(Parameters.java:918)
at org.testng.internal.invokers.MethodRunner.runInSequence(MethodRunner.java:50)
at org.testng.internal.invokers.TestInvoker$MethodInvocationAgent.invoke(TestInvoker.java:961)
at org.testng.internal.invokers.TestInvoker.invokeTestMethods(TestInvoker.java:201)
at org.testng.internal.invokers.TestMethodWorker.invokeTestMethods(TestMethodWorker.java:148)
at org.testng.internal.invokers.TestMethodWorker.run(TestMethodWorker.java:128)
at java.base/java.util.ArrayList.forEach(ArrayList.java:1511)
at org.testng.TestRunner.privateRun(TestRunner.java:819)
at org.testng.TestRunner.run(TestRunner.java:619)
at org.testng.SuiteRunner.runTest(SuiteRunner.java:443)
at org.testng.SuiteRunner.runSequentially(SuiteRunner.java:437)
at org.testng.SuiteRunner.privateRun(SuiteRunner.java:397)
at org.testng.SuiteRunner.run(SuiteRunner.java:336)
at org.testng.SuiteRunnerWorker.runSuite(SuiteRunnerWorker.java:52)
at org.testng.SuiteRunnerWorker.run(SuiteRunnerWorker.java:95)
at org.testng.TestNG.runSuitesSequentially(TestNG.java:1301)
at org.testng.TestNG.runSuitesLocally(TestNG.java:1228)
at org.testng.TestNG.runSuites(TestNG.java:1134)
at org.testng.TestNG.run(TestNG.java:1101)
at org.testng.remote.AbstractRemoteTestNG.run(AbstractRemoteTestNG.java:115)
at org.testng.remote.RemoteTestNG.initAndRun(RemoteTestNG.java:251)
at org.testng.remote.RemoteTestNG.main(RemoteTestNG.java:77)
]]>
    </error>
  </testcase> <!-- qdtasUpdateUser -->
  <testcase classname="HomeLyf.test.QDTAS_LoginTestCase" name="qdtasDeleteUserTest">
    <skipped/>
  </testcase> <!-- qdtasDeleteUserTest -->
</testsuite> <!-- HomeLyf.test.QDTAS_LoginTestCase -->
