<?xml version="1.0" encoding="UTF-8"?>
<!-- Generated by org.testng.reporters.JUnitReportReporter -->
<testsuite hostname="DESKTOP-GHF380V" failures="0" tests="6" name="HomeLyf.test.QDTAS_LoginTestCase" time="19.398" errors="0" timestamp="2024-03-21T16:04:17 IST" skipped="0">
  <testcase classname="HomeLyf.test.QDTAS_LoginTestCase" name="qdtasLoginUserTest" time="6.515"/>
  <testcase classname="HomeLyf.test.QDTAS_LoginTestCase" name="qdtasVerifyUserTokenTest" time="1.415"/>
  <testcase classname="HomeLyf.test.QDTAS_LoginTestCase" name="qdtasAddUser" time="4.877"/>
  <testcase classname="HomeLyf.test.QDTAS_LoginTestCase" name="qdtasEnableUser" time="2.320"/>
  <testcase classname="HomeLyf.test.QDTAS_LoginTestCase" name="qdtasLoginNewUserTest" time="1.948"/>
  <testcase classname="HomeLyf.test.QDTAS_LoginTestCase" name="qdtasUpdateUser" time="2.323"/>
</testsuite> <!-- HomeLyf.test.QDTAS_LoginTestCase -->
