<?xml version="1.0" encoding="UTF-8"?>
<!-- Generated by org.testng.reporters.JUnitReportReporter -->
<testsuite hostname="DESKTOP-GHF380V" failures="0" tests="5" name="HomeLyf.test.User" time="57.153" errors="0" timestamp="2024-03-21T12:42:32 IST" skipped="0">
  <testcase classname="HomeLyf.test.User" name="sendEmailOTP_Test" time="2.042"/>
  <testcase classname="HomeLyf.test.User" name="sendEmailOTP_Test" time="48.037"/>
  <testcase classname="HomeLyf.test.User" name="sendEmailOTP_Test" time="2.316"/>
  <testcase classname="HomeLyf.test.User" name="sendEmailOTP_Test" time="2.485"/>
  <testcase classname="HomeLyf.test.User" name="sendEmailOTP_Test" time="2.273"/>
</testsuite> <!-- HomeLyf.test.User -->
