<?xml version="1.0" encoding="UTF-8"?>
<!-- Generated by org.testng.reporters.JUnitReportReporter -->
<testsuite hostname="DESKTOP-GHF380V" failures="0" tests="2" name="HomeLyf.test.QDTAS_LoginTestCase" time="10.434" errors="0" timestamp="2024-03-20T11:53:23 IST" skipped="1">
  <testcase classname="HomeLyf.test.QDTAS_LoginTestCase" name="qdtasLoginNewUserTest" time="10.434"/>
  <testcase classname="HomeLyf.test.QDTAS_LoginTestCase" name="qdtasDeleteUserTest">
    <skipped/>
  </testcase> <!-- qdtasDeleteUserTest -->
</testsuite> <!-- HomeLyf.test.QDTAS_LoginTestCase -->
